Content-Type: text/plain; charset="utf-8"
MIME-Version: 1.0
Content-Transfer-Encoding: 8bit
Subject: Password reset on localhost:8000
From: webmaster@localhost
To: nhminh0701@gmail.com
Date: Thu, 17 Dec 2020 15:46:28 -0000
Message-ID: <160821998814.24132.4563619524507594228@DESKTOP-83USQBT.Home>


You're receiving this email because you requested a password reset for your user account at localhost:8000.

Please go to the following page and choose a new password:

http://localhost:8000/password/reset/confirm/Mg/af1r9g-fde08cf60f1c97adaca84f041815a1c1

Your username, in case you’ve forgotten: nhminh

Thanks for using our site!

The localhost:8000 team



-------------------------------------------------------------------------------
Content-Type: text/plain; charset="utf-8"
MIME-Version: 1.0
Content-Transfer-Encoding: 8bit
Subject: Password reset on localhost:8000
From: webmaster@localhost
To: nhminh0701@gmail.com
Date: Thu, 17 Dec 2020 15:46:28 -0000
Message-ID: <160821998816.24132.7195263431169543340@DESKTOP-83USQBT.Home>


You're receiving this email because you requested a password reset for your user account at localhost:8000.

Please go to the following page and choose a new password:

http://localhost:8000/password/reset/confirm/Ng/af1r9g-c77476784803704f7fc03076ad65e29e

Your username, in case you’ve forgotten: minhsieunhan

Thanks for using our site!

The localhost:8000 team



-------------------------------------------------------------------------------
