Content-Type: text/html; charset="utf-8"
MIME-Version: 1.0
Content-Transfer-Encoding: 8bit
Subject: Your order is ready
From: localhost@mail.com
To: nhminh0701@gmail.com
Date: Mon, 21 Dec 2020 02:48:13 -0000
Message-ID: <160851889309.20472.9772935579278324347@DESKTOP-83USQBT.Home>


<!DOCTYPE html>
<html>

<head>
    <meta charset="utf-8">
    <meta http-equiv="X-UA-Compatible" content="IE=edge">
    
    <!-- Tell the browser to be responsive to screen width -->
    <meta name="viewport" content="width=device-width, initial-scale=1">
    <base href="/static/">
    <!-- Font Awesome -->
    <link rel="stylesheet" href="plugins/fontawesome-free/css/all.min.css">
    <!-- Ionicons -->
    <link rel="stylesheet" href="https://code.ionicframework.com/ionicons/2.0.1/css/ionicons.min.css">
    <!-- icheck bootstrap -->
    <link rel="stylesheet" href="plugins/icheck-bootstrap/icheck-bootstrap.min.css">
    <!-- Theme style -->
    <link rel="stylesheet" href="dist/css/adminlte.min.css">
    <!-- Google Font: Source Sans Pro -->
    <link href="https://fonts.googleapis.com/css?family=Source+Sans+Pro:300,400,400i,700" rel="stylesheet">
    
</head>

<body class="hold-transition register-page">

    <h5>Hello, Minh Nguyen</h5>

    <div class="wrapper">
        <div class="content-wrapper">
            <section class="content pb-4">

                <div class="card">
                    <div class="card-header">
                        <h3 class="card-title">Order No. 3</h3>
                    </div>
                </div>

                <div class="py-1 px-4 mb-3">
                    Order date: Dec. 21, 2020
                </div>

                <div class="card" id="customer-info">
                    <div class="card-header">
                        <h4 class="card-title">Customer Information</h4>
                    </div>
                    <div class="card-body">
                        <p><strong>Name</strong>: Minh Nguyen</p>
                        <p><strong>Phone No.</strong>: 0987654321</p>
                        <p><strong>Email</strong>: nhminh0701@gmail.com</p>
                    </div>
                </div>

                <div class="card" id="shipping-info">
                    <div class="card-header">
                        <h4 class="card-title">Shipping Information</h4>
                    </div>
                    <div class="card-body row">
                        <div class="col-12 col-sm-6">
                            <p><strong>City</strong>: Hồ Chí Minh</p>
                            <p><strong>District</strong>: Bình Chánh</p>
                            <p><strong>Address</strong>: Somewhere in the sea</p>
                        </div>
                        <div class="col-12 col-sm-6">
                            <h5><strong>Note</strong></h5>
                            
                            <p>Empty</p>
                            
                        </div>
                    </div>
                </div>

                <div class="card" id="ordered-products">
                    <div class="card-header">
                        List of Orders
                    </div>
                    <div class="card-body">
                        <table id="data-table" class="table table-bordered table-hover">
                            <thead>
                                <tr>
                                    <th>STT</th>
                                    <th>Name</th>
                                    <th>Quantity</th>
                                    <td>Price</td>
                                    <th>Subtotal</th>
                                </tr>
                            </thead>
                            <tbody>
                                
                                <tr>
                                    <td>1</td>
                                    <td>
                                        <a href="/store/products/trai-cay/21/">Kiwi</a></td>
                                    <td>2</td>
                                    <td>20000.0</td>
                                    <td class="text-right">40000.0</td>
                                </tr>
                                
                                <tr>
                                    <td>2</td>
                                    <td>
                                        <a href="/store/products/trai-cay/22/">Quả Lê</a></td>
                                    <td>4</td>
                                    <td>16000.0</td>
                                    <td class="text-right">64000.0</td>
                                </tr>
                                
                                <tr>
                                    <td>3</td>
                                    <td>
                                        <a href="/store/products/trai-cay/20/">Đào tiên</a></td>
                                    <td>1</td>
                                    <td>999999.0</td>
                                    <td class="text-right">999999.0</td>
                                </tr>
                                
                            </tbody>
                            <tfoot>
                                <tr>
                                    <th>Total</th>
                                    <th colspan="3"></th>
                                    <th class="text-right">1103999.0</th>
                                </tr>
                            </tfoot>
                        </table>
                    </div>
                </div>
            </section>
        </div>
    </div>


    <!-- jQuery -->
    <script src="plugins/jquery/jquery.min.js"></script>
    <!-- Bootstrap 4 -->
    <script src="plugins/bootstrap/js/bootstrap.bundle.min.js"></script>
    <!-- AdminLTE App -->
    <script src="dist/js/adminlte.min.js"></script>
</body>

</html>
-------------------------------------------------------------------------------
